<?xml version="1.0" encoding="UTF-8"?>
<!-- Generated by org.testng.reporters.JUnitReportReporter -->
<testsuite hostname="DESKTOP-CTNIRRU" failures="0" tests="1" name="testNGBasics.TestNGClassLearn" time="0.002" errors="0" timestamp="2025-06-10T08:23:32 IST" skipped="0">
  <testcase classname="testNGBasics.TestNGClassLearn" name="f" time="0.002"/>
</testsuite> <!-- testNGBasics.TestNGClassLearn -->
