<?xml version="1.0" encoding="UTF-8"?>
<!-- Generated by org.testng.reporters.JUnitReportReporter -->
<testsuite hostname="DESKTOP-CTNIRRU" failures="0" tests="5" name="testNGBasics.LeaveTest" time="15.646" errors="0" timestamp="2025-06-10T08:23:32 IST" skipped="0">
  <testcase classname="testNGBasics.LeaveTest" name="testMethod2" time="2.759"/>
  <testcase classname="testNGBasics.LeaveTest" name="testMethod1" time="3.264"/>
  <testcase classname="testNGBasics.LeaveTest" name="testMethod" time="2.341"/>
  <testcase classname="testNGBasics.LeaveTest" name="testMethod3" time="3.302"/>
  <testcase classname="testNGBasics.LeaveTest" name="assignLeaveButtonTest" time="3.980"/>
</testsuite> <!-- testNGBasics.LeaveTest -->
