<?xml version="1.0" encoding="UTF-8"?>
<!-- Generated by org.testng.reporters.JUnitReportReporter -->
<testsuite hostname="DESKTOP-CTNIRRU" failures="0" tests="3" name="testNGBasics.AdminTest" time="3.733" errors="0" timestamp="2025-06-11T08:15:47 IST" skipped="2">
  <testcase classname="testNGBasics.AdminTest" name="objectLearn" time="3.733"/>
  <testcase classname="testNGBasics.AdminTest" name="testMethod">
    <skipped/>
  </testcase> <!-- testMethod -->
  <testcase classname="testNGBasics.AdminTest" name="testMethod1">
    <skipped/>
  </testcase> <!-- testMethod1 -->
</testsuite> <!-- testNGBasics.AdminTest -->
