<?xml version="1.0" encoding="UTF-8"?>
<!-- Generated by org.testng.reporters.JUnitReportReporter -->
<testsuite hostname="DESKTOP-CTNIRRU" failures="0" tests="1" name="testNGBasics.LeaveTest2" time="5.806" errors="0" timestamp="2025-06-11T08:44:28 IST" skipped="0">
  <testcase classname="testNGBasics.LeaveTest2" name="validateEntitleMent" time="5.806"/>
</testsuite> <!-- testNGBasics.LeaveTest2 -->
