<?xml version="1.0" encoding="UTF-8"?>
<!-- Generated by org.testng.reporters.JUnitReportReporter -->
<testsuite hostname="DESKTOP-CTNIRRU" failures="0" tests="7" name="seleniumFunctionalFlow.TestAnnotationBasics" time="0.025" errors="0" timestamp="2025-06-10T07:53:11 IST" skipped="0">
  <testcase classname="seleniumFunctionalFlow.TestAnnotationBasics" name="test1" time="0.015"/>
  <testcase classname="seleniumFunctionalFlow.TestAnnotationBasics" name="test" time="0.002"/>
  <testcase classname="seleniumFunctionalFlow.TestAnnotationBasics" name="test" time="0.002"/>
  <testcase classname="seleniumFunctionalFlow.TestAnnotationBasics" name="test" time="0.002"/>
  <testcase classname="seleniumFunctionalFlow.TestAnnotationBasics" name="test" time="0.001"/>
  <testcase classname="seleniumFunctionalFlow.TestAnnotationBasics" name="test" time="0.001"/>
  <testcase classname="seleniumFunctionalFlow.TestAnnotationBasics" name="test2" time="0.002"/>
</testsuite> <!-- seleniumFunctionalFlow.TestAnnotationBasics -->
