<?xml version="1.0" encoding="UTF-8"?>
<!-- Generated by org.testng.reporters.JUnitReportReporter -->
<testsuite hostname="DESKTOP-CTNIRRU" failures="0" tests="5" name="testNGBasics.PIMTest" time="17.920" errors="0" timestamp="2025-06-10T08:23:32 IST" skipped="0">
  <testcase classname="testNGBasics.PIMTest" name="testMethod1" time="3.615"/>
  <testcase classname="testNGBasics.PIMTest" name="testMethod" time="3.557"/>
  <testcase classname="testNGBasics.PIMTest" name="testMethod2" time="3.019"/>
  <testcase classname="testNGBasics.PIMTest" name="assignLeaveButtonTest" time="4.970"/>
  <testcase classname="testNGBasics.PIMTest" name="testMethod3" time="2.759"/>
</testsuite> <!-- testNGBasics.PIMTest -->
