<?xml version="1.0" encoding="UTF-8"?>
<!-- Generated by org.testng.reporters.JUnitReportReporter -->
<testsuite hostname="DESKTOP-CTNIRRU" failures="0" tests="5" name="testNGBasics.NewBasic" time="16.397" errors="0" timestamp="2025-06-09T08:12:21 IST" skipped="0">
  <testcase classname="testNGBasics.NewBasic" name="testMethod3" time="2.686"/>
  <testcase classname="testNGBasics.NewBasic" name="assignLeaveButtonTest" time="4.251"/>
  <testcase classname="testNGBasics.NewBasic" name="testMethod1" time="3.102"/>
  <testcase classname="testNGBasics.NewBasic" name="testMethod2" time="3.116"/>
  <testcase classname="testNGBasics.NewBasic" name="testMethod" time="3.242"/>
</testsuite> <!-- testNGBasics.NewBasic -->
